<?xml version="1.0" encoding="UTF-8"?>
<!-- Generated by org.testng.reporters.JUnitReportReporter -->
<testsuite hostname="LAPTOP-4VH20URH" failures="0" tests="12" name="Com.Salesforce.test.tests.AutomationScripts" time="86.355" errors="0" timestamp="2022-09-28T09:36:39 EDT" skipped="0">
  <testcase classname="Com.Salesforce.test.tests.AutomationScripts" name="forgotPassword4A" time="5.863"/>
  <system-out/>
  <testcase classname="Com.Salesforce.test.tests.AutomationScripts" name="loginErrorMessage01" time="3.934"/>
  <system-out/>
  <testcase classname="Com.Salesforce.test.tests.AutomationScripts" name="checkRememberMe03" time="8.420"/>
  <system-out/>
  <testcase classname="Com.Salesforce.test.tests.AutomationScripts" name="checkRememberMe03" time="9.841"/>
  <system-out/>
  <testcase classname="Com.Salesforce.test.tests.AutomationScripts" name="forgotPassword4A" time="3.708"/>
  <system-out/>
  <testcase classname="Com.Salesforce.test.tests.AutomationScripts" name="logoutFromSalesForce09" time="8.700"/>
  <system-out/>
  <testcase classname="Com.Salesforce.test.tests.AutomationScripts" name="loginwithvalidCredentials02" time="10.678"/>
  <system-out/>
  <testcase classname="Com.Salesforce.test.tests.AutomationScripts" name="loginErrorMessage01" time="7.067"/>
  <system-out/>
  <testcase classname="Com.Salesforce.test.tests.AutomationScripts" name="logoutFromSalesForce09" time="8.470"/>
  <system-out/>
  <testcase classname="Com.Salesforce.test.tests.AutomationScripts" name="wrongCredential4B" time="5.943"/>
  <system-out/>
  <testcase classname="Com.Salesforce.test.tests.AutomationScripts" name="loginwithvalidCredentials02" time="8.082"/>
  <system-out/>
  <testcase classname="Com.Salesforce.test.tests.AutomationScripts" name="wrongCredential4B" time="5.649"/>
  <system-out/>
</testsuite> <!-- Com.Salesforce.test.tests.AutomationScripts -->
