<?xml version="1.0" encoding="UTF-8"?>
<!-- Generated by org.testng.reporters.JUnitReportReporter -->
<testsuite hostname="LAPTOP-4VH20URH" failures="0" tests="5" name="com.APItest.tests.TekarchAPITestScriptE2E" time="19.510" errors="0" timestamp="2022-10-18T20:56:17 EDT" skipped="0">
  <testcase classname="com.APItest.tests.TekarchAPITestScriptE2E" name="Tekarchlogin_testAPI" time="3.833"/>
  <system-out/>
  <testcase classname="com.APItest.tests.TekarchAPITestScriptE2E" name="Tekarchgetdata_testAPI" time="13.959"/>
  <system-out/>
  <testcase classname="com.APItest.tests.TekarchAPITestScriptE2E" name="tekarchadd_testAPI" time="0.590"/>
  <system-out/>
  <testcase classname="com.APItest.tests.TekarchAPITestScriptE2E" name="tekarchupdate_testAPI" time="0.573"/>
  <system-out/>
  <testcase classname="com.APItest.tests.TekarchAPITestScriptE2E" name="tekarchdelete_testAPI" time="0.555"/>
  <system-out/>
</testsuite> <!-- com.APItest.tests.TekarchAPITestScriptE2E -->
